efficientdet-d0-tf
efficientdet-d1-tf
face-detection-adas-????
face-detection-retail-????
faster-rcnn-resnet101-coco-sparse-60-0001
pedestrian-and-vehicle-detector-adas-????
pedestrian-detection-adas-????
pelee-coco
person-detection-????
person-detection-retail-0013
person-vehicle-bike-detection-????
product-detection-0001
rfcn-resnet101-coco-tf
retinanet-tf
ssd300
ssd512
ssd_mobilenet_v1_coco
ssd_mobilenet_v1_fpn_coco
ssd_mobilenet_v2_coco
ssd_resnet50_v1_fpn_coco
ssdlite_mobilenet_v2
vehicle-detection-????
vehicle-detection-adas-????
vehicle-license-plate-detection-barrier-????
