# This file can be used with the --list option of the model downloader.
alexnet
caffenet
densenet-121
densenet-121-tf
dla-34
efficientnet-b0
efficientnet-b0-pytorch
efficientnet-v2-b0
efficientnet-v2-s
googlenet-v1
googlenet-v1-tf
googlenet-v2
googlenet-v3
googlenet-v3-pytorch
googlenet-v4-tf
hbonet-0.25
hbonet-1.0
inception-resnet-v2-tf
mixnet-l
mobilenet-v1-0.25-128
mobilenet-v1-1.0-224
mobilenet-v1-1.0-224-tf
mobilenet-v2
mobilenet-v2-1.0-224
mobilenet-v2-1.4-224
mobilenet-v2-pytorch
nfnet-f0
octave-resnet-26-0.25
regnetx-3.2gf
repvgg-a0
repvgg-b1
repvgg-b3
resnest-50-pytorch
resnet-18-pytorch
resnet-50-pytorch
resnet-50-tf
resnet18-xnor-binary-onnx-0001
resnet50-binary-0001
rexnet-v1-x1.0
se-inception
se-resnet-50
se-resnext-50
shufflenet-v2-x0.5
shufflenet-v2-x1.0
squeezenet1.0
squeezenet1.1
swin-tiny-patch4-window7-224
vgg16
vgg19
