# This file can be used with the --list option of the model downloader.
# For --architecture_type=ssd
face-detection-????
face-detection-adas-????
face-detection-retail-????
pedestrian-and-vehicle-detector-adas-????
pedestrian-detection-adas-????
pelee-coco
person-detection-????
person-detection-retail-0013
person-vehicle-bike-detection-????
person-vehicle-bike-detection-crossroad-yolov3-1020
product-detection-0001
retinanet-tf
ssd300
ssd512
ssd_mobilenet_v1_coco
ssd_mobilenet_v1_fpn_coco
ssd_mobilenet_v2_coco
ssd-resnet34-1200-onnx
ssd_resnet50_v1_fpn_coco
ssdlite_mobilenet_v2
vehicle-detection-????
vehicle-detection-adas-????
vehicle-license-plate-detection-barrier-????
# For --architecture_type=yolo
mobilefacedet-v1-mxnet
yolo-v1-tiny-tf
yolo-v2-ava-0001
yolo-v2-ava-sparse-??-0001
yolo-v2-tf
yolo-v2-tiny-ava-0001
yolo-v2-tiny-ava-sparse-??-0001
yolo-v2-tiny-tf
yolo-v2-tiny-vehicle-detection-0001
yolo-v3-tf
yolo-v3-tiny-tf
# For --architecture_type=centernet
ctdet_coco_dlav0_384
ctdet_coco_dlav0_512
# For --architecture_type=faceboxes
faceboxes-pytorch
# For --architecture_type=retina
retinaface-anti-cov
retinaface-resnet50
ssh-mxnet
