# This file can be used with the --list option of the model downloader.
# For --architecture_type=faceboxes
faceboxes-pytorch
# For --architecture_type=ssd
face-detection-????
face-detection-adas-????
face-detection-retail-????
faster-rcnn-resnet101-coco-sparse-60-0001
pedestrian-detection-adas-????
person-detection-????
person-detection-retail-0013
person-vehicle-bike-detection-????
product-detection-0001
ssd-resnet34-1200-onnx
ssdlite_mobilenet_v2
vehicle-detection-adas-????
# For --architecture_type=yolo
mobilefacedet-v1-mxnet
person-vehicle-bike-detection-crossroad-yolov3-1020
yolo-v2-ava-sparse-??-0001
yolo-v2-tf
yolo-v2-tiny-tf
yolo-v2-tiny-vehicle-detection-0001
yolo-v3-tiny-tf
