# This file can be used with the --list option of the model downloader.
# For -at ssd
face-detection-adas-????
face-detection-retail-????
pedestrian-and-vehicle-detector-adas-????
pedestrian-detection-adas-????
pelee-coco
person-detection-????
person-detection-retail-0013
retinanet-tf
ssd300
ssd512
ssd_mobilenet_v1_coco
ssd_mobilenet_v1_fpn_coco
ssd_mobilenet_v2_coco
ssd_resnet50_v1_fpn_coco
ssdlite_mobilenet_v2
vehicle-detection-adas-????
vehicle-license-plate-detection-barrier-????
# For -at yolo
yolo-v3-tf
yolo-v3-tiny-tf
